[0m22:55:49.903656 [debug] [MainThread]: Sending event: {'category': 'dbt', 'action': 'invocation', 'label': 'start', 'context': [<snowplow_tracker.self_describing_json.SelfDescribingJson object at 0x0000020DE18D63C0>, <snowplow_tracker.self_describing_json.SelfDescribingJson object at 0x0000020DDE5DED50>, <snowplow_tracker.self_describing_json.SelfDescribingJson object at 0x0000020DE3C0BED0>]}


============================== 22:55:49.913040 | d9d9d591-985e-4eb6-92f3-aec81f1deec4 ==============================
[0m22:55:49.913040 [info ] [MainThread]: Running with dbt=1.11.11
[0m22:55:49.914319 [debug] [MainThread]: running dbt with arguments {'version_check': 'True', 'no_print': 'None', 'static_parser': 'True', 'target_path': 'None', 'warn_error_options': 'WarnErrorOptionsV2(error=[], warn=[], silence=[])', 'printer_width': '80', 'write_json': 'True', 'empty': 'None', 'log_cache_events': 'False', 'introspect': 'True', 'cache_selected_only': 'False', 'log_format': 'default', 'debug': 'False', 'fail_fast': 'False', 'partial_parse': 'True', 'send_anonymous_usage_stats': 'True', 'quiet': 'False', 'warn_error': 'None', 'profiles_dir': 'C:\\Users\\dutta\\.dbt', 'invocation_command': 'dbt init weather_dbt', 'use_colors': 'True', 'indirect_selection': 'eager', 'use_experimental_parser': 'False', 'log_path': 'logs'}
[0m22:55:49.969084 [info ] [MainThread]: Creating dbt configuration folder at C:\Users\dutta\.dbt
[0m22:55:49.972679 [debug] [MainThread]: Starter project path: C:\wheather_forecast\weather-pipeline\venv\Lib\site-packages\dbt\include\starter_project
[0m22:55:50.002549 [info ] [MainThread]: 
Your new dbt project "weather_dbt" was created!

For more information on how to configure the profiles.yml file,
please consult the dbt documentation here:

  https://docs.getdbt.com/docs/configure-your-profile

One more thing:

Need help? Don't hesitate to reach out to us via GitHub issues or on Slack:

  https://community.getdbt.com/

Happy modeling!

[0m22:55:50.003616 [info ] [MainThread]: Setting up your profile.
[0m22:56:04.315702 [error] [MainThread]: Encountered an error:
list index out of range
[0m22:56:04.319760 [error] [MainThread]: Traceback (most recent call last):
  File "C:\wheather_forecast\weather-pipeline\venv\Lib\site-packages\dbt\cli\requires.py", line 182, in wrapper
    result, success = func(*args, **kwargs)
                      ~~~~^^^^^^^^^^^^^^^^^
  File "C:\wheather_forecast\weather-pipeline\venv\Lib\site-packages\dbt\cli\requires.py", line 128, in wrapper
    return func(*args, **kwargs)
  File "C:\wheather_forecast\weather-pipeline\venv\Lib\site-packages\dbt\cli\main.py", line 488, in init
    results = task.run()
  File "C:\wheather_forecast\weather-pipeline\venv\Lib\site-packages\dbt\task\init.py", line 346, in run
    self.setup_profile(profile_name)
    ~~~~~~~~~~~~~~~~~~^^^^^^^^^^^^^^
  File "C:\wheather_forecast\weather-pipeline\venv\Lib\site-packages\dbt\task\init.py", line 261, in setup_profile
    adapter = self.ask_for_adapter_choice()
  File "C:\wheather_forecast\weather-pipeline\venv\Lib\site-packages\dbt\task\init.py", line 243, in ask_for_adapter_choice
    return available_adapters[numeric_choice - 1]
           ~~~~~~~~~~~~~~~~~~^^^^^^^^^^^^^^^^^^^^
IndexError: list index out of range

[0m22:56:04.321610 [debug] [MainThread]: Command `dbt init` failed at 22:56:04.321411 after 14.74 seconds
[0m22:56:04.322182 [debug] [MainThread]: Sending event: {'category': 'dbt', 'action': 'invocation', 'label': 'end', 'context': [<snowplow_tracker.self_describing_json.SelfDescribingJson object at 0x0000020DE3D41CD0>, <snowplow_tracker.self_describing_json.SelfDescribingJson object at 0x0000020DE3D05D90>, <snowplow_tracker.self_describing_json.SelfDescribingJson object at 0x0000020DE3CE0AF0>]}
[0m22:56:04.322731 [debug] [MainThread]: Flushing usage events
[0m22:56:06.058431 [debug] [MainThread]: An error was encountered while trying to flush usage events
[0m22:57:23.065052 [debug] [MainThread]: Sending event: {'category': 'dbt', 'action': 'invocation', 'label': 'start', 'context': [<snowplow_tracker.self_describing_json.SelfDescribingJson object at 0x000001CE5A849E80>, <snowplow_tracker.self_describing_json.SelfDescribingJson object at 0x000001CE575CED50>, <snowplow_tracker.self_describing_json.SelfDescribingJson object at 0x000001CE5CBEBC50>]}


============================== 22:57:23.078642 | 4847d686-b371-4353-aa62-6860a16c46ee ==============================
[0m22:57:23.078642 [info ] [MainThread]: Running with dbt=1.11.11
[0m22:57:23.080358 [debug] [MainThread]: running dbt with arguments {'version_check': 'True', 'no_print': 'None', 'static_parser': 'True', 'warn_error_options': 'WarnErrorOptionsV2(error=[], warn=[], silence=[])', 'target_path': 'None', 'printer_width': '80', 'write_json': 'True', 'empty': 'None', 'log_cache_events': 'False', 'introspect': 'True', 'cache_selected_only': 'False', 'fail_fast': 'False', 'debug': 'False', 'log_format': 'default', 'profiles_dir': 'C:\\Users\\dutta\\.dbt', 'send_anonymous_usage_stats': 'True', 'quiet': 'False', 'warn_error': 'None', 'partial_parse': 'True', 'use_colors': 'True', 'indirect_selection': 'eager', 'invocation_command': 'dbt init weather_dbt', 'use_experimental_parser': 'False', 'log_path': 'logs'}
[0m22:57:23.106681 [info ] [MainThread]: A project called weather_dbt already exists here.
[0m22:57:23.109854 [debug] [MainThread]: Command `dbt init` succeeded at 22:57:23.109447 after 0.38 seconds
[0m22:57:23.111071 [debug] [MainThread]: Sending event: {'category': 'dbt', 'action': 'invocation', 'label': 'end', 'context': [<snowplow_tracker.self_describing_json.SelfDescribingJson object at 0x000001CE5CC0DA70>, <snowplow_tracker.self_describing_json.SelfDescribingJson object at 0x000001CE5CCA9250>, <snowplow_tracker.self_describing_json.SelfDescribingJson object at 0x000001CE5BA8F8A0>]}
[0m22:57:23.111851 [debug] [MainThread]: Flushing usage events
[0m22:57:24.747443 [debug] [MainThread]: An error was encountered while trying to flush usage events
[0m23:01:20.246989 [debug] [MainThread]: Sending event: {'category': 'dbt', 'action': 'invocation', 'label': 'start', 'context': [<snowplow_tracker.self_describing_json.SelfDescribingJson object at 0x000001A8E96C9E80>, <snowplow_tracker.self_describing_json.SelfDescribingJson object at 0x000001A8E63EED50>, <snowplow_tracker.self_describing_json.SelfDescribingJson object at 0x000001A8EBA7BC50>]}


============================== 23:01:20.256679 | 5ac56bdc-1823-4554-9903-e60b22105b44 ==============================
[0m23:01:20.256679 [info ] [MainThread]: Running with dbt=1.11.11
[0m23:01:20.258340 [debug] [MainThread]: running dbt with arguments {'version_check': 'True', 'no_print': 'None', 'static_parser': 'True', 'warn_error_options': 'WarnErrorOptionsV2(error=[], warn=[], silence=[])', 'target_path': 'None', 'printer_width': '80', 'write_json': 'True', 'empty': 'None', 'log_cache_events': 'False', 'introspect': 'True', 'cache_selected_only': 'False', 'fail_fast': 'False', 'debug': 'False', 'log_format': 'default', 'partial_parse': 'True', 'send_anonymous_usage_stats': 'True', 'quiet': 'False', 'warn_error': 'None', 'profiles_dir': 'C:\\Users\\dutta\\.dbt', 'invocation_command': 'dbt init weather_dbt', 'use_colors': 'True', 'indirect_selection': 'eager', 'use_experimental_parser': 'False', 'log_path': 'logs'}
[0m23:01:20.296866 [info ] [MainThread]: A project called weather_dbt already exists here.
[0m23:01:20.299128 [debug] [MainThread]: Command `dbt init` succeeded at 23:01:20.298910 after 0.33 seconds
[0m23:01:20.299751 [debug] [MainThread]: Sending event: {'category': 'dbt', 'action': 'invocation', 'label': 'end', 'context': [<snowplow_tracker.self_describing_json.SelfDescribingJson object at 0x000001A8EBA9DA70>, <snowplow_tracker.self_describing_json.SelfDescribingJson object at 0x000001A8EBB01250>, <snowplow_tracker.self_describing_json.SelfDescribingJson object at 0x000001A8EA91F8A0>]}
[0m23:01:20.300378 [debug] [MainThread]: Flushing usage events
[0m23:01:21.970627 [debug] [MainThread]: An error was encountered while trying to flush usage events
[0m00:08:47.582134 [debug] [MainThread]: Sending event: {'category': 'dbt', 'action': 'invocation', 'label': 'start', 'context': [<snowplow_tracker.self_describing_json.SelfDescribingJson object at 0x0000024DD2535E80>, <snowplow_tracker.self_describing_json.SelfDescribingJson object at 0x0000024DCF2AAD50>, <snowplow_tracker.self_describing_json.SelfDescribingJson object at 0x0000024DD491BB10>]}


============================== 00:08:47.592846 | e6819162-a202-4be8-9c67-19ea03641100 ==============================
[0m00:08:47.592846 [info ] [MainThread]: Running with dbt=1.11.11
[0m00:08:47.594594 [debug] [MainThread]: running dbt with arguments {'static_parser': 'True', 'no_print': 'None', 'version_check': 'True', 'warn_error_options': 'WarnErrorOptionsV2(error=[], warn=[], silence=[])', 'target_path': 'None', 'printer_width': '80', 'write_json': 'True', 'introspect': 'True', 'log_cache_events': 'False', 'empty': 'False', 'cache_selected_only': 'False', 'log_format': 'default', 'debug': 'False', 'fail_fast': 'False', 'partial_parse': 'True', 'send_anonymous_usage_stats': 'True', 'quiet': 'False', 'warn_error': 'None', 'profiles_dir': 'C:\\Users\\dutta\\.dbt', 'indirect_selection': 'eager', 'use_colors': 'True', 'invocation_command': 'dbt run', 'use_experimental_parser': 'False', 'log_path': 'logs'}
[0m00:08:47.595778 [error] [MainThread]: Encountered an error:
Runtime Error
  No dbt_project.yml found at expected path C:\wheather_forecast\weather-pipeline\dbt_project.yml
  Verify that each entry within packages.yml (and their transitive dependencies) contains a file named dbt_project.yml
  
[0m00:08:47.598554 [debug] [MainThread]: Command `dbt run` failed at 00:08:47.598012 after 0.36 seconds
[0m00:08:47.599230 [debug] [MainThread]: Sending event: {'category': 'dbt', 'action': 'invocation', 'label': 'end', 'context': [<snowplow_tracker.self_describing_json.SelfDescribingJson object at 0x0000024DD492A780>, <snowplow_tracker.self_describing_json.SelfDescribingJson object at 0x0000024DD4964EF0>, <snowplow_tracker.self_describing_json.SelfDescribingJson object at 0x0000024DD490DAE0>]}
[0m00:08:47.600360 [debug] [MainThread]: Flushing usage events
[0m00:08:49.393988 [debug] [MainThread]: An error was encountered while trying to flush usage events
[0m00:08:57.644668 [debug] [MainThread]: Sending event: {'category': 'dbt', 'action': 'invocation', 'label': 'start', 'context': [<snowplow_tracker.self_describing_json.SelfDescribingJson object at 0x0000023A3D905E80>, <snowplow_tracker.self_describing_json.SelfDescribingJson object at 0x0000023A3A69AD50>, <snowplow_tracker.self_describing_json.SelfDescribingJson object at 0x0000023A3ED2BB10>]}


============================== 00:08:57.656345 | 7a17fd6b-1895-4dd5-b43e-3ae07d7731c4 ==============================
[0m00:08:57.656345 [info ] [MainThread]: Running with dbt=1.11.11
[0m00:08:57.658200 [debug] [MainThread]: running dbt with arguments {'static_parser': 'True', 'no_print': 'None', 'version_check': 'True', 'target_path': 'None', 'warn_error_options': 'WarnErrorOptionsV2(error=[], warn=[], silence=[])', 'printer_width': '80', 'write_json': 'True', 'empty': 'None', 'log_cache_events': 'False', 'introspect': 'True', 'cache_selected_only': 'False', 'fail_fast': 'False', 'debug': 'False', 'log_format': 'default', 'profiles_dir': 'C:\\Users\\dutta\\.dbt', 'send_anonymous_usage_stats': 'True', 'quiet': 'False', 'warn_error': 'None', 'partial_parse': 'True', 'invocation_command': 'dbt test', 'use_colors': 'True', 'indirect_selection': 'eager', 'use_experimental_parser': 'False', 'log_path': 'logs'}
[0m00:08:57.659442 [error] [MainThread]: Encountered an error:
Runtime Error
  No dbt_project.yml found at expected path C:\wheather_forecast\weather-pipeline\dbt_project.yml
  Verify that each entry within packages.yml (and their transitive dependencies) contains a file named dbt_project.yml
  
[0m00:08:57.662202 [debug] [MainThread]: Command `dbt test` failed at 00:08:57.661829 after 0.34 seconds
[0m00:08:57.662984 [debug] [MainThread]: Sending event: {'category': 'dbt', 'action': 'invocation', 'label': 'end', 'context': [<snowplow_tracker.self_describing_json.SelfDescribingJson object at 0x0000023A3ED3A780>, <snowplow_tracker.self_describing_json.SelfDescribingJson object at 0x0000023A3FD44EF0>, <snowplow_tracker.self_describing_json.SelfDescribingJson object at 0x0000023A3ED1DAE0>]}
[0m00:08:57.664054 [debug] [MainThread]: Flushing usage events
[0m00:08:59.225786 [debug] [MainThread]: An error was encountered while trying to flush usage events
